GROUP,PACKAGE,CLASS,INSTRUCTION_MISSED,INSTRUCTION_COVERED,BRANCH_MISSED,BRANCH_COVERED,LINE_MISSED,LINE_COVERED,COMPLEXITY_MISSED,COMPLEXITY_COVERED,METHOD_MISSED,METHOD_COVERED
Movie,default,Appstarter,9,0,0,0,3,0,2,0,2,0
Movie,Windows,RegisterWindow,399,0,20,0,88,0,16,0,6,0
Movie,Windows,Background,38,0,0,0,9,0,2,0,2,0
Movie,Windows,LoginWindow,497,0,16,0,110,0,12,0,4,0
Movie,Windows,UserWindow,18,0,0,0,7,0,2,0,2,0
Movie,Windows,StuffWindow,18,0,0,0,7,0,2,0,2,0
Movie,entity,User,0,35,0,0,0,15,0,10,0,10
Movie,SQL,userSQL,197,0,8,0,61,0,15,0,11,0
Movie,SQL,SQLconn,109,0,14,0,51,0,15,0,8,0
